2023-12-03 16:06:38,873 - utils - INFO - Running Simulated linear(nasafull.ini)...3
2023-12-03 16:06:48,471 - utils - INFO - The best valid c-index: 0.7366832852269746
2023-12-03 16:06:48,471 - utils - INFO - 
2023-12-03 16:06:48,471 - utils - INFO - +--------------------+--------------------+--------------------+--------------------+
| Simulated linear:0 | Simulated linear:1 | Simulated linear:2 | Simulated linear:3 |
+--------------------+--------------------+--------------------+--------------------+
|      0.685571      |      0.677133      |      0.716173      |      0.736683      |
+--------------------+--------------------+--------------------+--------------------+
2023-12-03 16:06:48,497 - utils - INFO - Running Simulated linear(nasafull.ini)...4
2023-12-03 16:06:50,876 - utils - INFO - The best valid c-index: 0.6884094647602177
2023-12-03 16:06:50,876 - utils - INFO - 
2023-12-03 16:06:50,876 - utils - INFO - +--------------------+--------------------+--------------------+--------------------+--------------------+
| Simulated linear:0 | Simulated linear:1 | Simulated linear:2 | Simulated linear:3 | Simulated linear:4 |
+--------------------+--------------------+--------------------+--------------------+--------------------+
|      0.685571      |      0.677133      |      0.716173      |      0.736683      |      0.688409      |
+--------------------+--------------------+--------------------+--------------------+--------------------+
2023-12-03 16:06:50,902 - utils - INFO - Running Simulated linear(nasafull.ini)...5
2023-12-03 16:06:56,610 - utils - INFO - The best valid c-index: 0.7344789715097875
2023-12-03 16:06:56,611 - utils - INFO - 
2023-12-03 16:06:56,611 - utils - INFO - +--------------------+--------------------+--------------------+--------------------+--------------------+--------------------+
| Simulated linear:0 | Simulated linear:1 | Simulated linear:2 | Simulated linear:3 | Simulated linear:4 | Simulated linear:5 |
+--------------------+--------------------+--------------------+--------------------+--------------------+--------------------+
|      0.685571      |      0.677133      |      0.716173      |      0.736683      |      0.688409      |      0.734479      |
+--------------------+--------------------+--------------------+--------------------+--------------------+--------------------+
2023-12-03 16:06:56,639 - utils - INFO - Running Simulated linear(nasafull.ini)...6
2023-12-03 16:07:03,430 - utils - INFO - The best valid c-index: 0.6921121822962314
2023-12-03 16:07:03,430 - utils - INFO - 
2023-12-03 16:07:03,431 - utils - INFO - +--------------------+--------------------+--------------------+--------------------+--------------------+--------------------+--------------------+
| Simulated linear:0 | Simulated linear:1 | Simulated linear:2 | Simulated linear:3 | Simulated linear:4 | Simulated linear:5 | Simulated linear:6 |
+--------------------+--------------------+--------------------+--------------------+--------------------+--------------------+--------------------+
|      0.685571      |      0.677133      |      0.716173      |      0.736683      |      0.688409      |      0.734479      |      0.692112      |
+--------------------+--------------------+--------------------+--------------------+--------------------+--------------------+--------------------+
2023-12-03 16:07:03,459 - utils - INFO - Running Simulated linear(nasafull.ini)...7
2023-12-03 16:07:09,007 - utils - INFO - The best valid c-index: 0.703550109959158
2023-12-03 16:07:09,008 - utils - INFO - 
2023-12-03 16:07:09,008 - utils - INFO - +--------------------+--------------------+--------------------+--------------------+--------------------+--------------------+--------------------+--------------------+
| Simulated linear:0 | Simulated linear:1 | Simulated linear:2 | Simulated linear:3 | Simulated linear:4 | Simulated linear:5 | Simulated linear:6 | Simulated linear:7 |
+--------------------+--------------------+--------------------+--------------------+--------------------+--------------------+--------------------+--------------------+
|      0.685571      |      0.677133      |      0.716173      |      0.736683      |      0.688409      |      0.734479      |      0.692112      |      0.703550      |
+--------------------+--------------------+--------------------+--------------------+--------------------+--------------------+--------------------+--------------------+
2023-12-03 16:07:09,039 - utils - INFO - Running Simulated linear(nasafull.ini)...8
2023-12-03 16:07:18,662 - utils - INFO - The best valid c-index: 0.7495316234898896
2023-12-03 16:07:18,663 - utils - INFO - 
2023-12-03 16:07:18,663 - utils - INFO - +--------------------+--------------------+--------------------+--------------------+--------------------+--------------------+--------------------+--------------------+--------------------+
| Simulated linear:0 | Simulated linear:1 | Simulated linear:2 | Simulated linear:3 | Simulated linear:4 | Simulated linear:5 | Simulated linear:6 | Simulated linear:7 | Simulated linear:8 |
+--------------------+--------------------+--------------------+--------------------+--------------------+--------------------+--------------------+--------------------+--------------------+
|      0.685571      |      0.677133      |      0.716173      |      0.736683      |      0.688409      |      0.734479      |      0.692112      |      0.703550      |      0.749532      |
+--------------------+--------------------+--------------------+--------------------+--------------------+--------------------+--------------------+--------------------+--------------------+
2023-12-03 16:07:18,692 - utils - INFO - Running Simulated linear(nasafull.ini)...9
2023-12-03 16:07:21,752 - utils - INFO - The best valid c-index: 0.6990699734278122
2023-12-03 16:07:21,752 - utils - INFO - 
2023-12-03 16:07:21,753 - utils - INFO - +--------------------+--------------------+--------------------+--------------------+--------------------+--------------------+--------------------+--------------------+--------------------+--------------------+
| Simulated linear:0 | Simulated linear:1 | Simulated linear:2 | Simulated linear:3 | Simulated linear:4 | Simulated linear:5 | Simulated linear:6 | Simulated linear:7 | Simulated linear:8 | Simulated linear:9 |
+--------------------+--------------------+--------------------+--------------------+--------------------+--------------------+--------------------+--------------------+--------------------+--------------------+
|      0.685571      |      0.677133      |      0.716173      |      0.736683      |      0.688409      |      0.734479      |      0.692112      |      0.703550      |      0.749532      |      0.699070      |
+--------------------+--------------------+--------------------+--------------------+--------------------+--------------------+--------------------+--------------------+--------------------+--------------------+
