2023-12-03 16:11:13,517 - utils - INFO - Running Simulated linear(nasafull.ini)...0
2023-12-03 16:11:15,194 - utils - INFO - The best valid c-index: 0.6408268407561274
2023-12-03 16:11:15,194 - utils - INFO - 
2023-12-03 16:11:15,194 - utils - INFO - +--------------------+
| Simulated linear:0 |
+--------------------+
|      0.640827      |
+--------------------+
2023-12-03 16:11:15,221 - utils - INFO - Running Simulated linear(nasafull.ini)...1
2023-12-03 16:11:20,016 - utils - INFO - The best valid c-index: 0.7004175117721714
2023-12-03 16:11:20,016 - utils - INFO - 
2023-12-03 16:11:20,018 - utils - INFO - +--------------------+--------------------+
| Simulated linear:0 | Simulated linear:1 |
+--------------------+--------------------+
|      0.640827      |      0.700418      |
+--------------------+--------------------+
2023-12-03 16:11:20,043 - utils - INFO - Running Simulated linear(nasafull.ini)...2
2023-12-03 16:11:26,748 - utils - INFO - The best valid c-index: 0.6771449660115001
2023-12-03 16:11:26,750 - utils - INFO - 
2023-12-03 16:11:26,750 - utils - INFO - +--------------------+--------------------+--------------------+
| Simulated linear:0 | Simulated linear:1 | Simulated linear:2 |
+--------------------+--------------------+--------------------+
|      0.640827      |      0.700418      |      0.677145      |
+--------------------+--------------------+--------------------+
2023-12-03 16:11:26,774 - utils - INFO - Running Simulated linear(nasafull.ini)...3
2023-12-03 16:11:29,755 - utils - INFO - The best valid c-index: 0.6520987339128013
2023-12-03 16:11:29,755 - utils - INFO - 
2023-12-03 16:11:29,755 - utils - INFO - +--------------------+--------------------+--------------------+--------------------+
| Simulated linear:0 | Simulated linear:1 | Simulated linear:2 | Simulated linear:3 |
+--------------------+--------------------+--------------------+--------------------+
|      0.640827      |      0.700418      |      0.677145      |      0.652099      |
+--------------------+--------------------+--------------------+--------------------+
2023-12-03 16:11:29,780 - utils - INFO - Running Simulated linear(nasafull.ini)...4
2023-12-03 16:11:34,705 - utils - INFO - The best valid c-index: 0.6849985315712188
2023-12-03 16:11:34,705 - utils - INFO - 
2023-12-03 16:11:34,705 - utils - INFO - +--------------------+--------------------+--------------------+--------------------+--------------------+
| Simulated linear:0 | Simulated linear:1 | Simulated linear:2 | Simulated linear:3 | Simulated linear:4 |
+--------------------+--------------------+--------------------+--------------------+--------------------+
|      0.640827      |      0.700418      |      0.677145      |      0.652099      |      0.684999      |
+--------------------+--------------------+--------------------+--------------------+--------------------+
2023-12-03 16:11:34,733 - utils - INFO - Running Simulated linear(nasafull.ini)...5
2023-12-03 16:11:37,786 - utils - INFO - The best valid c-index: 0.6345592357283005
2023-12-03 16:11:37,786 - utils - INFO - 
2023-12-03 16:11:37,787 - utils - INFO - +--------------------+--------------------+--------------------+--------------------+--------------------+--------------------+
| Simulated linear:0 | Simulated linear:1 | Simulated linear:2 | Simulated linear:3 | Simulated linear:4 | Simulated linear:5 |
+--------------------+--------------------+--------------------+--------------------+--------------------+--------------------+
|      0.640827      |      0.700418      |      0.677145      |      0.652099      |      0.684999      |      0.634559      |
+--------------------+--------------------+--------------------+--------------------+--------------------+--------------------+
2023-12-03 16:11:37,810 - utils - INFO - Running Simulated linear(nasafull.ini)...6
2023-12-03 16:11:43,125 - utils - INFO - The best valid c-index: 0.6760572452481057
2023-12-03 16:11:43,126 - utils - INFO - 
2023-12-03 16:11:43,126 - utils - INFO - +--------------------+--------------------+--------------------+--------------------+--------------------+--------------------+--------------------+
| Simulated linear:0 | Simulated linear:1 | Simulated linear:2 | Simulated linear:3 | Simulated linear:4 | Simulated linear:5 | Simulated linear:6 |
+--------------------+--------------------+--------------------+--------------------+--------------------+--------------------+--------------------+
|      0.640827      |      0.700418      |      0.677145      |      0.652099      |      0.684999      |      0.634559      |      0.676057      |
+--------------------+--------------------+--------------------+--------------------+--------------------+--------------------+--------------------+
2023-12-03 16:11:43,156 - utils - INFO - Running Simulated linear(nasafull.ini)...7
2023-12-03 16:11:47,559 - utils - INFO - The best valid c-index: 0.6744586412451544
2023-12-03 16:11:47,560 - utils - INFO - 
2023-12-03 16:11:47,560 - utils - INFO - +--------------------+--------------------+--------------------+--------------------+--------------------+--------------------+--------------------+--------------------+
| Simulated linear:0 | Simulated linear:1 | Simulated linear:2 | Simulated linear:3 | Simulated linear:4 | Simulated linear:5 | Simulated linear:6 | Simulated linear:7 |
+--------------------+--------------------+--------------------+--------------------+--------------------+--------------------+--------------------+--------------------+
|      0.640827      |      0.700418      |      0.677145      |      0.652099      |      0.684999      |      0.634559      |      0.676057      |      0.674459      |
+--------------------+--------------------+--------------------+--------------------+--------------------+--------------------+--------------------+--------------------+
2023-12-03 16:11:47,590 - utils - INFO - Running Simulated linear(nasafull.ini)...8
2023-12-03 16:11:49,943 - utils - INFO - The best valid c-index: 0.683510977604064
2023-12-03 16:11:49,944 - utils - INFO - 
2023-12-03 16:11:49,945 - utils - INFO - +--------------------+--------------------+--------------------+--------------------+--------------------+--------------------+--------------------+--------------------+--------------------+
| Simulated linear:0 | Simulated linear:1 | Simulated linear:2 | Simulated linear:3 | Simulated linear:4 | Simulated linear:5 | Simulated linear:6 | Simulated linear:7 | Simulated linear:8 |
+--------------------+--------------------+--------------------+--------------------+--------------------+--------------------+--------------------+--------------------+--------------------+
|      0.640827      |      0.700418      |      0.677145      |      0.652099      |      0.684999      |      0.634559      |      0.676057      |      0.674459      |      0.683511      |
+--------------------+--------------------+--------------------+--------------------+--------------------+--------------------+--------------------+--------------------+--------------------+
2023-12-03 16:11:49,975 - utils - INFO - Running Simulated linear(nasafull.ini)...9
2023-12-03 16:11:54,570 - utils - INFO - The best valid c-index: 0.6987831158792251
2023-12-03 16:11:54,571 - utils - INFO - 
2023-12-03 16:11:54,571 - utils - INFO - +--------------------+--------------------+--------------------+--------------------+--------------------+--------------------+--------------------+--------------------+--------------------+--------------------+
| Simulated linear:0 | Simulated linear:1 | Simulated linear:2 | Simulated linear:3 | Simulated linear:4 | Simulated linear:5 | Simulated linear:6 | Simulated linear:7 | Simulated linear:8 | Simulated linear:9 |
+--------------------+--------------------+--------------------+--------------------+--------------------+--------------------+--------------------+--------------------+--------------------+--------------------+
|      0.640827      |      0.700418      |      0.677145      |      0.652099      |      0.684999      |      0.634559      |      0.676057      |      0.674459      |      0.683511      |      0.698783      |
+--------------------+--------------------+--------------------+--------------------+--------------------+--------------------+--------------------+--------------------+--------------------+--------------------+
