2023-12-03 16:11:43,156 - utils - INFO - Running Simulated linear(nasafull.ini)...7
2023-12-03 16:11:47,559 - utils - INFO - The best valid c-index: 0.6744586412451544
2023-12-03 16:11:47,560 - utils - INFO - 
2023-12-03 16:11:47,560 - utils - INFO - +--------------------+--------------------+--------------------+--------------------+--------------------+--------------------+--------------------+--------------------+
| Simulated linear:0 | Simulated linear:1 | Simulated linear:2 | Simulated linear:3 | Simulated linear:4 | Simulated linear:5 | Simulated linear:6 | Simulated linear:7 |
+--------------------+--------------------+--------------------+--------------------+--------------------+--------------------+--------------------+--------------------+
|      0.640827      |      0.700418      |      0.677145      |      0.652099      |      0.684999      |      0.634559      |      0.676057      |      0.674459      |
+--------------------+--------------------+--------------------+--------------------+--------------------+--------------------+--------------------+--------------------+
2023-12-03 16:11:47,590 - utils - INFO - Running Simulated linear(nasafull.ini)...8
2023-12-03 16:11:49,943 - utils - INFO - The best valid c-index: 0.683510977604064
2023-12-03 16:11:49,944 - utils - INFO - 
2023-12-03 16:11:49,945 - utils - INFO - +--------------------+--------------------+--------------------+--------------------+--------------------+--------------------+--------------------+--------------------+--------------------+
| Simulated linear:0 | Simulated linear:1 | Simulated linear:2 | Simulated linear:3 | Simulated linear:4 | Simulated linear:5 | Simulated linear:6 | Simulated linear:7 | Simulated linear:8 |
+--------------------+--------------------+--------------------+--------------------+--------------------+--------------------+--------------------+--------------------+--------------------+
|      0.640827      |      0.700418      |      0.677145      |      0.652099      |      0.684999      |      0.634559      |      0.676057      |      0.674459      |      0.683511      |
+--------------------+--------------------+--------------------+--------------------+--------------------+--------------------+--------------------+--------------------+--------------------+
2023-12-03 16:11:49,975 - utils - INFO - Running Simulated linear(nasafull.ini)...9
2023-12-03 16:11:54,570 - utils - INFO - The best valid c-index: 0.6987831158792251
2023-12-03 16:11:54,571 - utils - INFO - 
2023-12-03 16:11:54,571 - utils - INFO - +--------------------+--------------------+--------------------+--------------------+--------------------+--------------------+--------------------+--------------------+--------------------+--------------------+
| Simulated linear:0 | Simulated linear:1 | Simulated linear:2 | Simulated linear:3 | Simulated linear:4 | Simulated linear:5 | Simulated linear:6 | Simulated linear:7 | Simulated linear:8 | Simulated linear:9 |
+--------------------+--------------------+--------------------+--------------------+--------------------+--------------------+--------------------+--------------------+--------------------+--------------------+
|      0.640827      |      0.700418      |      0.677145      |      0.652099      |      0.684999      |      0.634559      |      0.676057      |      0.674459      |      0.683511      |      0.698783      |
+--------------------+--------------------+--------------------+--------------------+--------------------+--------------------+--------------------+--------------------+--------------------+--------------------+
