2023-11-13 21:20:48,745 - utils - INFO - Running Simulated linear(nasafull.ini)...0
2023-11-13 21:20:51,338 - utils - INFO - The best valid c-index: 0.686547678453308
2023-11-13 21:20:51,338 - utils - INFO - 
2023-11-13 21:20:51,338 - utils - INFO - +--------------------+
| Simulated linear:0 |
+--------------------+
|      0.686548      |
+--------------------+
2023-11-13 21:20:51,359 - utils - INFO - Running Simulated linear(nasafull.ini)...1
2023-11-13 21:20:58,598 - utils - INFO - The best valid c-index: 0.6997156988287262
2023-11-13 21:20:58,598 - utils - INFO - 
2023-11-13 21:20:58,600 - utils - INFO - +--------------------+--------------------+
| Simulated linear:0 | Simulated linear:1 |
+--------------------+--------------------+
|      0.686548      |      0.699716      |
+--------------------+--------------------+
2023-11-13 21:20:58,621 - utils - INFO - Running Simulated linear(nasafull.ini)...2
2023-11-13 21:21:05,445 - utils - INFO - The best valid c-index: 0.7263689811544334
2023-11-13 21:21:05,447 - utils - INFO - 
2023-11-13 21:21:05,447 - utils - INFO - +--------------------+--------------------+--------------------+
| Simulated linear:0 | Simulated linear:1 | Simulated linear:2 |
+--------------------+--------------------+--------------------+
|      0.686548      |      0.699716      |      0.726369      |
+--------------------+--------------------+--------------------+
2023-11-13 21:21:05,468 - utils - INFO - Running Simulated linear(nasafull.ini)...3
2023-11-13 21:21:19,168 - utils - INFO - The best valid c-index: 0.7120031590362582
2023-11-13 21:21:19,169 - utils - INFO - 
2023-11-13 21:21:19,169 - utils - INFO - +--------------------+--------------------+--------------------+--------------------+
| Simulated linear:0 | Simulated linear:1 | Simulated linear:2 | Simulated linear:3 |
+--------------------+--------------------+--------------------+--------------------+
|      0.686548      |      0.699716      |      0.726369      |      0.712003      |
+--------------------+--------------------+--------------------+--------------------+
2023-11-13 21:21:19,190 - utils - INFO - Running Simulated linear(nasafull.ini)...4
2023-11-13 21:21:25,708 - utils - INFO - The best valid c-index: 0.6810345837188331
2023-11-13 21:21:25,709 - utils - INFO - 
2023-11-13 21:21:25,709 - utils - INFO - +--------------------+--------------------+--------------------+--------------------+--------------------+
| Simulated linear:0 | Simulated linear:1 | Simulated linear:2 | Simulated linear:3 | Simulated linear:4 |
+--------------------+--------------------+--------------------+--------------------+--------------------+
|      0.686548      |      0.699716      |      0.726369      |      0.712003      |      0.681035      |
+--------------------+--------------------+--------------------+--------------------+--------------------+
2023-11-13 21:21:25,730 - utils - INFO - Running Simulated linear(nasafull.ini)...5
2023-11-13 21:21:30,643 - utils - INFO - The best valid c-index: 0.6875897338538391
2023-11-13 21:21:30,643 - utils - INFO - 
2023-11-13 21:21:30,643 - utils - INFO - +--------------------+--------------------+--------------------+--------------------+--------------------+--------------------+
| Simulated linear:0 | Simulated linear:1 | Simulated linear:2 | Simulated linear:3 | Simulated linear:4 | Simulated linear:5 |
+--------------------+--------------------+--------------------+--------------------+--------------------+--------------------+
|      0.686548      |      0.699716      |      0.726369      |      0.712003      |      0.681035      |      0.687590      |
+--------------------+--------------------+--------------------+--------------------+--------------------+--------------------+
2023-11-13 21:21:30,666 - utils - INFO - Running Simulated linear(nasafull.ini)...6
2023-11-13 21:21:38,276 - utils - INFO - The best valid c-index: 0.6817143056006681
2023-11-13 21:21:38,276 - utils - INFO - 
2023-11-13 21:21:38,277 - utils - INFO - +--------------------+--------------------+--------------------+--------------------+--------------------+--------------------+--------------------+
| Simulated linear:0 | Simulated linear:1 | Simulated linear:2 | Simulated linear:3 | Simulated linear:4 | Simulated linear:5 | Simulated linear:6 |
+--------------------+--------------------+--------------------+--------------------+--------------------+--------------------+--------------------+
|      0.686548      |      0.699716      |      0.726369      |      0.712003      |      0.681035      |      0.687590      |      0.681714      |
+--------------------+--------------------+--------------------+--------------------+--------------------+--------------------+--------------------+
2023-11-13 21:21:38,300 - utils - INFO - Running Simulated linear(nasafull.ini)...7
2023-11-13 21:21:42,230 - utils - INFO - The best valid c-index: 0.6938124824815473
2023-11-13 21:21:42,231 - utils - INFO - 
2023-11-13 21:21:42,232 - utils - INFO - +--------------------+--------------------+--------------------+--------------------+--------------------+--------------------+--------------------+--------------------+
| Simulated linear:0 | Simulated linear:1 | Simulated linear:2 | Simulated linear:3 | Simulated linear:4 | Simulated linear:5 | Simulated linear:6 | Simulated linear:7 |
+--------------------+--------------------+--------------------+--------------------+--------------------+--------------------+--------------------+--------------------+
|      0.686548      |      0.699716      |      0.726369      |      0.712003      |      0.681035      |      0.687590      |      0.681714      |      0.693812      |
+--------------------+--------------------+--------------------+--------------------+--------------------+--------------------+--------------------+--------------------+
2023-11-13 21:21:42,258 - utils - INFO - Running Simulated linear(nasafull.ini)...8
2023-11-13 21:21:45,641 - utils - INFO - The best valid c-index: 0.6754162074366262
2023-11-13 21:21:45,642 - utils - INFO - 
2023-11-13 21:21:45,643 - utils - INFO - +--------------------+--------------------+--------------------+--------------------+--------------------+--------------------+--------------------+--------------------+--------------------+
| Simulated linear:0 | Simulated linear:1 | Simulated linear:2 | Simulated linear:3 | Simulated linear:4 | Simulated linear:5 | Simulated linear:6 | Simulated linear:7 | Simulated linear:8 |
+--------------------+--------------------+--------------------+--------------------+--------------------+--------------------+--------------------+--------------------+--------------------+
|      0.686548      |      0.699716      |      0.726369      |      0.712003      |      0.681035      |      0.687590      |      0.681714      |      0.693812      |      0.675416      |
+--------------------+--------------------+--------------------+--------------------+--------------------+--------------------+--------------------+--------------------+--------------------+
2023-11-13 21:21:45,672 - utils - INFO - Running Simulated linear(nasafull.ini)...9
2023-11-13 21:21:51,324 - utils - INFO - The best valid c-index: 0.6805522508803654
2023-11-13 21:21:51,324 - utils - INFO - 
2023-11-13 21:21:51,326 - utils - INFO - +--------------------+--------------------+--------------------+--------------------+--------------------+--------------------+--------------------+--------------------+--------------------+--------------------+
| Simulated linear:0 | Simulated linear:1 | Simulated linear:2 | Simulated linear:3 | Simulated linear:4 | Simulated linear:5 | Simulated linear:6 | Simulated linear:7 | Simulated linear:8 | Simulated linear:9 |
+--------------------+--------------------+--------------------+--------------------+--------------------+--------------------+--------------------+--------------------+--------------------+--------------------+
|      0.686548      |      0.699716      |      0.726369      |      0.712003      |      0.681035      |      0.687590      |      0.681714      |      0.693812      |      0.675416      |      0.680552      |
+--------------------+--------------------+--------------------+--------------------+--------------------+--------------------+--------------------+--------------------+--------------------+--------------------+
