2023-10-18 00:16:02,772 - utils - INFO - Running Simulated Linear(nasa.ini)...1
2023-10-18 00:16:07,685 - utils - INFO - The best valid c-index: 0.6949502306385045
2023-10-18 00:16:07,685 - utils - INFO - 
2023-10-18 00:16:07,686 - utils - INFO - +--------------------+--------------------+
| Simulated Linear:0 | Simulated Linear:1 |
+--------------------+--------------------+
|      0.697532      |      0.694950      |
+--------------------+--------------------+
2023-10-18 00:16:07,703 - utils - INFO - Running Simulated Linear(nasa.ini)...2
2023-10-18 00:16:11,784 - utils - INFO - The best valid c-index: 0.6925647739801544
2023-10-18 00:16:11,786 - utils - INFO - 
2023-10-18 00:16:11,786 - utils - INFO - +--------------------+--------------------+--------------------+
| Simulated Linear:0 | Simulated Linear:1 | Simulated Linear:2 |
+--------------------+--------------------+--------------------+
|      0.697532      |      0.694950      |      0.692565      |
+--------------------+--------------------+--------------------+
2023-10-18 00:16:11,804 - utils - INFO - Running Simulated Linear(nasa.ini)...3
2023-10-18 00:16:15,350 - utils - INFO - The best valid c-index: 0.6874748017739551
2023-10-18 00:16:15,350 - utils - INFO - 
2023-10-18 00:16:15,350 - utils - INFO - +--------------------+--------------------+--------------------+--------------------+
| Simulated Linear:0 | Simulated Linear:1 | Simulated Linear:2 | Simulated Linear:3 |
+--------------------+--------------------+--------------------+--------------------+
|      0.697532      |      0.694950      |      0.692565      |      0.687475      |
+--------------------+--------------------+--------------------+--------------------+
2023-10-18 00:16:15,369 - utils - INFO - Running Simulated Linear(nasa.ini)...4
2023-10-18 00:16:20,548 - utils - INFO - The best valid c-index: 0.7141379533260068
2023-10-18 00:16:20,548 - utils - INFO - 
2023-10-18 00:16:20,549 - utils - INFO - +--------------------+--------------------+--------------------+--------------------+--------------------+
| Simulated Linear:0 | Simulated Linear:1 | Simulated Linear:2 | Simulated Linear:3 | Simulated Linear:4 |
+--------------------+--------------------+--------------------+--------------------+--------------------+
|      0.697532      |      0.694950      |      0.692565      |      0.687475      |      0.714138      |
+--------------------+--------------------+--------------------+--------------------+--------------------+
