2023-09-27 15:18:50,802 - utils - INFO - Running Simulated Linear(nasafull.ini)...
2023-09-27 15:18:53,476 - utils - INFO - The best valid c-index: 0.6727046544086414
2023-09-27 15:18:53,479 - utils - INFO - 
2023-09-27 15:18:53,498 - utils - INFO - Running Simulated Linear(nasafull.ini)...
2023-09-27 15:18:57,150 - utils - INFO - The best valid c-index: 0.6783232246651504
2023-09-27 15:18:57,153 - utils - INFO - 
2023-09-27 15:18:57,175 - utils - INFO - Running Simulated Linear(nasafull.ini)...
2023-09-27 15:19:07,764 - utils - INFO - The best valid c-index: 0.7206890107151757
2023-09-27 15:19:07,767 - utils - INFO - 
2023-09-27 15:19:07,788 - utils - INFO - Running Simulated Linear(nasafull.ini)...
2023-09-27 15:19:09,741 - utils - INFO - The best valid c-index: 0.6346784675372903
2023-09-27 15:19:09,745 - utils - INFO - 
2023-09-27 15:19:09,767 - utils - INFO - Running Simulated Linear(nasafull.ini)...
2023-09-27 15:19:14,999 - utils - INFO - The best valid c-index: 0.6941356218711398
2023-09-27 15:19:15,003 - utils - INFO - 
2023-09-27 15:19:15,027 - utils - INFO - Running Simulated Linear(nasafull.ini)...
2023-09-27 15:19:19,926 - utils - INFO - The best valid c-index: 0.7083944037308461
2023-09-27 15:19:19,929 - utils - INFO - 
2023-09-27 15:19:19,949 - utils - INFO - Running Simulated Linear(nasafull.ini)...
2023-09-27 15:19:30,905 - utils - INFO - The best valid c-index: 0.7344297571472487
2023-09-27 15:19:30,909 - utils - INFO - 
2023-09-27 15:19:30,933 - utils - INFO - Running Simulated Linear(nasafull.ini)...
2023-09-27 15:19:36,711 - utils - INFO - The best valid c-index: 0.6977169568457422
2023-09-27 15:19:36,715 - utils - INFO - 
2023-09-27 15:19:36,739 - utils - INFO - Running Simulated Linear(nasafull.ini)...
2023-09-27 15:19:45,117 - utils - INFO - The best valid c-index: 0.6938949938949939
2023-09-27 15:19:45,121 - utils - INFO - 
2023-09-27 15:19:45,147 - utils - INFO - Running Simulated Linear(nasafull.ini)...
2023-09-27 15:19:49,361 - utils - INFO - The best valid c-index: 0.6916234490907898
2023-09-27 15:19:49,365 - utils - INFO - 
2023-09-27 15:19:49,388 - utils - INFO - Running Simulated Linear(nasafull.ini)...
2023-09-27 15:19:58,422 - utils - INFO - The best valid c-index: 0.7011147540983607
2023-09-27 15:19:58,426 - utils - INFO - 
2023-09-27 15:19:58,450 - utils - INFO - Running Simulated Linear(nasafull.ini)...
2023-09-27 15:20:03,305 - utils - INFO - The best valid c-index: 0.675650433622415
2023-09-27 15:20:03,310 - utils - INFO - 
2023-09-27 15:20:03,333 - utils - INFO - Running Simulated Linear(nasafull.ini)...
2023-09-27 15:20:11,162 - utils - INFO - The best valid c-index: 0.7054063360881543
2023-09-27 15:20:11,167 - utils - INFO - 
2023-09-27 15:20:11,190 - utils - INFO - Running Simulated Linear(nasafull.ini)...
2023-09-27 15:20:14,406 - utils - INFO - The best valid c-index: 0.6777989612780225
2023-09-27 15:20:14,411 - utils - INFO - 
2023-09-27 15:20:14,435 - utils - INFO - Running Simulated Linear(nasafull.ini)...
2023-09-27 15:20:17,565 - utils - INFO - The best valid c-index: 0.6959290873276428
2023-09-27 15:20:17,571 - utils - INFO - 
2023-09-27 15:20:17,592 - utils - INFO - Running Simulated Linear(nasafull.ini)...
2023-09-27 15:20:24,840 - utils - INFO - The best valid c-index: 0.6812557893343919
2023-09-27 15:20:24,845 - utils - INFO - 
2023-09-27 15:20:24,869 - utils - INFO - Running Simulated Linear(nasafull.ini)...
2023-09-27 15:20:34,529 - utils - INFO - The best valid c-index: 0.7512740476493821
2023-09-27 15:20:34,533 - utils - INFO - 
2023-09-27 15:20:34,558 - utils - INFO - Running Simulated Linear(nasafull.ini)...
2023-09-27 15:20:42,846 - utils - INFO - The best valid c-index: 0.703137128072445
2023-09-27 15:20:42,851 - utils - INFO - 
2023-09-27 15:20:42,875 - utils - INFO - Running Simulated Linear(nasafull.ini)...
2023-09-27 15:20:47,368 - utils - INFO - The best valid c-index: 0.6458462300359045
2023-09-27 15:20:47,373 - utils - INFO - 
2023-09-27 15:20:47,396 - utils - INFO - Running Simulated Linear(nasafull.ini)...
2023-09-27 15:20:53,823 - utils - INFO - The best valid c-index: 0.7247474747474747
2023-09-27 15:20:53,829 - utils - INFO - 
2023-09-27 15:20:53,854 - utils - INFO - Running Simulated Linear(nasafull.ini)...
2023-09-27 15:20:56,497 - utils - INFO - The best valid c-index: 0.6964797913950457
2023-09-27 15:20:56,502 - utils - INFO - 
2023-09-27 15:20:56,525 - utils - INFO - Running Simulated Linear(nasafull.ini)...
2023-09-27 15:21:03,483 - utils - INFO - The best valid c-index: 0.7432023079697079
2023-09-27 15:21:03,490 - utils - INFO - 
2023-09-27 15:21:03,512 - utils - INFO - Running Simulated Linear(nasafull.ini)...
2023-09-27 15:21:06,233 - utils - INFO - The best valid c-index: 0.6576179165252799
2023-09-27 15:21:06,239 - utils - INFO - 
2023-09-27 15:21:06,263 - utils - INFO - Running Simulated Linear(nasafull.ini)...
2023-09-27 15:21:09,272 - utils - INFO - The best valid c-index: 0.7093669250645995
2023-09-27 15:21:09,279 - utils - INFO - 
2023-09-27 15:21:09,302 - utils - INFO - Running Simulated Linear(nasafull.ini)...
2023-09-27 15:21:15,017 - utils - INFO - The best valid c-index: 0.694350056632687
2023-09-27 15:21:15,024 - utils - INFO - 
2023-09-27 15:21:15,048 - utils - INFO - Running Simulated Linear(nasafull.ini)...
2023-09-27 15:21:17,760 - utils - INFO - The best valid c-index: 0.6924165077803063
2023-09-27 15:21:17,766 - utils - INFO - 
2023-09-27 15:21:17,791 - utils - INFO - Running Simulated Linear(nasafull.ini)...
2023-09-27 15:21:24,911 - utils - INFO - The best valid c-index: 0.754767211490837
2023-09-27 15:21:24,917 - utils - INFO - 
2023-09-27 15:21:24,941 - utils - INFO - Running Simulated Linear(nasafull.ini)...
2023-09-27 15:21:28,818 - utils - INFO - The best valid c-index: 0.6757901390644754
2023-09-27 15:21:28,825 - utils - INFO - 
2023-09-27 15:21:28,848 - utils - INFO - Running Simulated Linear(nasafull.ini)...
2023-09-27 15:21:31,812 - utils - INFO - The best valid c-index: 0.6998884587625483
2023-09-27 15:21:31,818 - utils - INFO - 
2023-09-27 15:21:31,841 - utils - INFO - Running Simulated Linear(nasafull.ini)...
2023-09-27 15:21:36,548 - utils - INFO - The best valid c-index: 0.7111104241375046
2023-09-27 15:21:36,555 - utils - INFO - 
2023-09-27 15:21:36,580 - utils - INFO - Running Simulated Linear(nasafull.ini)...
2023-09-27 15:21:40,956 - utils - INFO - The best valid c-index: 0.6980474679177591
2023-09-27 15:21:40,964 - utils - INFO - 
2023-09-27 15:21:40,987 - utils - INFO - Running Simulated Linear(nasafull.ini)...
2023-09-27 15:21:46,022 - utils - INFO - The best valid c-index: 0.7061639344262295
2023-09-27 15:21:46,030 - utils - INFO - 
2023-09-27 15:21:46,054 - utils - INFO - Running Simulated Linear(nasafull.ini)...
2023-09-27 15:21:50,655 - utils - INFO - The best valid c-index: 0.7039066981071952
2023-09-27 15:21:50,663 - utils - INFO - 
2023-09-27 15:21:50,687 - utils - INFO - Running Simulated Linear(nasafull.ini)...
2023-09-27 15:21:55,304 - utils - INFO - The best valid c-index: 0.6988155108523028
2023-09-27 15:21:55,311 - utils - INFO - 
2023-09-27 15:21:55,336 - utils - INFO - Running Simulated Linear(nasafull.ini)...
2023-09-27 15:21:59,516 - utils - INFO - The best valid c-index: 0.698943661971831
2023-09-27 15:21:59,524 - utils - INFO - 
2023-09-27 15:21:59,549 - utils - INFO - Running Simulated Linear(nasafull.ini)...
2023-09-27 15:22:03,857 - utils - INFO - The best valid c-index: 0.6819474058280028
2023-09-27 15:22:03,865 - utils - INFO - 
2023-09-27 15:22:03,895 - utils - INFO - Running Simulated Linear(nasafull.ini)...
2023-09-27 15:22:10,079 - utils - INFO - The best valid c-index: 0.6678173646844265
2023-09-27 15:22:10,088 - utils - INFO - 
2023-09-27 15:22:10,114 - utils - INFO - Running Simulated Linear(nasafull.ini)...
2023-09-27 15:22:14,107 - utils - INFO - The best valid c-index: 0.6801517067003793
2023-09-27 15:22:14,115 - utils - INFO - 
2023-09-27 15:22:14,139 - utils - INFO - Running Simulated Linear(nasafull.ini)...
2023-09-27 15:22:21,218 - utils - INFO - The best valid c-index: 0.7300464997770558
2023-09-27 15:22:21,227 - utils - INFO - 
2023-09-27 15:22:21,253 - utils - INFO - Running Simulated Linear(nasafull.ini)...
2023-09-27 15:22:32,904 - utils - INFO - The best valid c-index: 0.6982891600056094
2023-09-27 15:22:32,913 - utils - INFO - 
2023-09-27 15:22:32,938 - utils - INFO - Running Simulated Linear(nasafull.ini)...
2023-09-27 15:22:36,452 - utils - INFO - The best valid c-index: 0.7159471588395171
2023-09-27 15:22:36,461 - utils - INFO - 
2023-09-27 15:22:36,468 - utils - INFO - +------------------+
| Simulated Linear |
+------------------+
|     0.715947     |
+------------------+
