2023-11-14 10:55:11,004 - utils - INFO - Running Simulated linear(nasafull.ini)...1
2023-11-14 10:55:18,563 - utils - INFO - The best valid c-index: 0.6898780979697934
2023-11-14 10:55:18,564 - utils - INFO - 
2023-11-14 10:55:18,565 - utils - INFO - +--------------------+--------------------+
| Simulated linear:0 | Simulated linear:1 |
+--------------------+--------------------+
|      0.682680      |      0.689878      |
+--------------------+--------------------+
2023-11-14 10:55:18,584 - utils - INFO - Running Simulated linear(nasafull.ini)...2
2023-11-14 10:55:22,410 - utils - INFO - The best valid c-index: 0.6983967472913346
2023-11-14 10:55:22,412 - utils - INFO - 
2023-11-14 10:55:22,412 - utils - INFO - +--------------------+--------------------+--------------------+
| Simulated linear:0 | Simulated linear:1 | Simulated linear:2 |
+--------------------+--------------------+--------------------+
|      0.682680      |      0.689878      |      0.698397      |
+--------------------+--------------------+--------------------+
2023-11-14 10:55:22,432 - utils - INFO - Running Simulated linear(nasafull.ini)...3
2023-11-14 10:55:25,112 - utils - INFO - The best valid c-index: 0.6899926399558397
2023-11-14 10:55:25,113 - utils - INFO - 
2023-11-14 10:55:25,113 - utils - INFO - +--------------------+--------------------+--------------------+--------------------+
| Simulated linear:0 | Simulated linear:1 | Simulated linear:2 | Simulated linear:3 |
+--------------------+--------------------+--------------------+--------------------+
|      0.682680      |      0.689878      |      0.698397      |      0.689993      |
+--------------------+--------------------+--------------------+--------------------+
2023-11-14 10:55:25,134 - utils - INFO - Running Simulated linear(nasafull.ini)...4
2023-11-14 10:55:32,582 - utils - INFO - The best valid c-index: 0.701652932977969
2023-11-14 10:55:32,582 - utils - INFO - 
2023-11-14 10:55:32,583 - utils - INFO - +--------------------+--------------------+--------------------+--------------------+--------------------+
| Simulated linear:0 | Simulated linear:1 | Simulated linear:2 | Simulated linear:3 | Simulated linear:4 |
+--------------------+--------------------+--------------------+--------------------+--------------------+
|      0.682680      |      0.689878      |      0.698397      |      0.689993      |      0.701653      |
+--------------------+--------------------+--------------------+--------------------+--------------------+
2023-11-14 10:55:32,607 - utils - INFO - Running Simulated linear(nasafull.ini)...5
2023-11-14 10:55:38,197 - utils - INFO - The best valid c-index: 0.7100997031737575
2023-11-14 10:55:38,197 - utils - INFO - 
2023-11-14 10:55:38,197 - utils - INFO - +--------------------+--------------------+--------------------+--------------------+--------------------+--------------------+
| Simulated linear:0 | Simulated linear:1 | Simulated linear:2 | Simulated linear:3 | Simulated linear:4 | Simulated linear:5 |
+--------------------+--------------------+--------------------+--------------------+--------------------+--------------------+
|      0.682680      |      0.689878      |      0.698397      |      0.689993      |      0.701653      |      0.710100      |
+--------------------+--------------------+--------------------+--------------------+--------------------+--------------------+
2023-11-14 10:55:38,219 - utils - INFO - Running Simulated linear(nasafull.ini)...6
2023-11-14 10:55:44,751 - utils - INFO - The best valid c-index: 0.7177848146135123
2023-11-14 10:55:44,751 - utils - INFO - 
2023-11-14 10:55:44,752 - utils - INFO - +--------------------+--------------------+--------------------+--------------------+--------------------+--------------------+--------------------+
| Simulated linear:0 | Simulated linear:1 | Simulated linear:2 | Simulated linear:3 | Simulated linear:4 | Simulated linear:5 | Simulated linear:6 |
+--------------------+--------------------+--------------------+--------------------+--------------------+--------------------+--------------------+
|      0.682680      |      0.689878      |      0.698397      |      0.689993      |      0.701653      |      0.710100      |      0.717785      |
+--------------------+--------------------+--------------------+--------------------+--------------------+--------------------+--------------------+
2023-11-14 10:55:44,776 - utils - INFO - Running Simulated linear(nasafull.ini)...7
2023-11-14 10:55:47,563 - utils - INFO - The best valid c-index: 0.6901126741782786
2023-11-14 10:55:47,563 - utils - INFO - 
2023-11-14 10:55:47,564 - utils - INFO - +--------------------+--------------------+--------------------+--------------------+--------------------+--------------------+--------------------+--------------------+
| Simulated linear:0 | Simulated linear:1 | Simulated linear:2 | Simulated linear:3 | Simulated linear:4 | Simulated linear:5 | Simulated linear:6 | Simulated linear:7 |
+--------------------+--------------------+--------------------+--------------------+--------------------+--------------------+--------------------+--------------------+
|      0.682680      |      0.689878      |      0.698397      |      0.689993      |      0.701653      |      0.710100      |      0.717785      |      0.690113      |
+--------------------+--------------------+--------------------+--------------------+--------------------+--------------------+--------------------+--------------------+
2023-11-14 10:55:47,590 - utils - INFO - Running Simulated linear(nasafull.ini)...8
2023-11-14 10:55:53,787 - utils - INFO - The best valid c-index: 0.702733300986576
2023-11-14 10:55:53,788 - utils - INFO - 
2023-11-14 10:55:53,789 - utils - INFO - +--------------------+--------------------+--------------------+--------------------+--------------------+--------------------+--------------------+--------------------+--------------------+
| Simulated linear:0 | Simulated linear:1 | Simulated linear:2 | Simulated linear:3 | Simulated linear:4 | Simulated linear:5 | Simulated linear:6 | Simulated linear:7 | Simulated linear:8 |
+--------------------+--------------------+--------------------+--------------------+--------------------+--------------------+--------------------+--------------------+--------------------+
|      0.682680      |      0.689878      |      0.698397      |      0.689993      |      0.701653      |      0.710100      |      0.717785      |      0.690113      |      0.702733      |
+--------------------+--------------------+--------------------+--------------------+--------------------+--------------------+--------------------+--------------------+--------------------+
2023-11-14 10:55:53,817 - utils - INFO - Running Simulated linear(nasafull.ini)...9
2023-11-14 10:56:00,252 - utils - INFO - The best valid c-index: 0.6842653110626967
2023-11-14 10:56:00,253 - utils - INFO - 
2023-11-14 10:56:00,253 - utils - INFO - +--------------------+--------------------+--------------------+--------------------+--------------------+--------------------+--------------------+--------------------+--------------------+--------------------+
| Simulated linear:0 | Simulated linear:1 | Simulated linear:2 | Simulated linear:3 | Simulated linear:4 | Simulated linear:5 | Simulated linear:6 | Simulated linear:7 | Simulated linear:8 | Simulated linear:9 |
+--------------------+--------------------+--------------------+--------------------+--------------------+--------------------+--------------------+--------------------+--------------------+--------------------+
|      0.682680      |      0.689878      |      0.698397      |      0.689993      |      0.701653      |      0.710100      |      0.717785      |      0.690113      |      0.702733      |      0.684265      |
+--------------------+--------------------+--------------------+--------------------+--------------------+--------------------+--------------------+--------------------+--------------------+--------------------+
